C:\Program Files (x86)\Microsoft Visual Studio\2019\Enterprise\MSBuild\Microsoft\VC\v160\Microsoft.CppBuild.targets(452,5): warning MSB8004: Intermediate Directory does not end with a trailing slash.  This build instance will add the slash as it is required to allow proper evaluation of the Intermediate Directory.
C:\Program Files (x86)\Microsoft Visual Studio\2019\Enterprise\MSBuild\Microsoft\VC\v160\Microsoft.CppBuild.targets(453,5): warning MSB8004: Output Directory does not end with a trailing slash.  This build instance will add the slash as it is required to allow proper evaluation of the Output Directory.
  LevelEditor.cpp
D:\User\Documents\GitHub\LevelEditor\LevelEditor\LevelEditor.cpp(124,50): warning C4244: 'argument': conversion from 'int' to 'T', possible loss of data
          with
          [
              T=float
          ]
D:\User\Documents\GitHub\LevelEditor\LevelEditor\LevelEditor.cpp(124,39): warning C4244: 'argument': conversion from 'int' to 'T', possible loss of data
          with
          [
              T=float
          ]
D:\User\Documents\GitHub\LevelEditor\LevelEditor\LevelEditor.cpp(134,76): warning C4244: 'argument': conversion from 'int' to 'float', possible loss of data
D:\User\Documents\GitHub\LevelEditor\LevelEditor\LevelEditor.cpp(134,65): warning C4244: 'argument': conversion from 'int' to 'float', possible loss of data
D:\User\Documents\GitHub\LevelEditor\LevelEditor\LevelEditor.cpp(168,63): warning C4244: 'argument': conversion from 'T' to 'T', possible loss of data
          with
          [
              T=unsigned int
          ]
          and
          [
              T=float
          ]
D:\User\Documents\GitHub\LevelEditor\LevelEditor\LevelEditor.cpp(168,49): warning C4244: 'argument': conversion from 'T' to 'T', possible loss of data
          with
          [
              T=unsigned int
          ]
          and
          [
              T=float
          ]
D:\User\Documents\GitHub\LevelEditor\LevelEditor\LevelEditor.cpp(170,80): warning C4244: 'argument': conversion from 'T' to 'float', possible loss of data
          with
          [
              T=unsigned int
          ]
D:\User\Documents\GitHub\LevelEditor\LevelEditor\LevelEditor.cpp(170,66): warning C4244: 'argument': conversion from 'T' to 'float', possible loss of data
          with
          [
              T=unsigned int
          ]
D:\User\Documents\GitHub\LevelEditor\LevelEditor\LevelEditor.cpp(347,30): warning C4244: '=': conversion from 'T' to 'int', possible loss of data
          with
          [
              T=float
          ]
D:\User\Documents\GitHub\LevelEditor\LevelEditor\LevelEditor.cpp(348,29): warning C4244: '=': conversion from 'T' to 'int', possible loss of data
          with
          [
              T=float
          ]
D:\User\Documents\GitHub\LevelEditor\LevelEditor\LevelEditor.cpp(350,50): warning C4244: '=': conversion from 'T' to 'int', possible loss of data
          with
          [
              T=float
          ]
D:\User\Documents\GitHub\LevelEditor\LevelEditor\LevelEditor.cpp(351,50): warning C4244: '=': conversion from 'T' to 'int', possible loss of data
          with
          [
              T=float
          ]
D:\User\Documents\GitHub\LevelEditor\LevelEditor\LevelEditor.cpp(353,64): warning C4244: 'argument': conversion from 'T' to 'float', possible loss of data
          with
          [
              T=unsigned int
          ]
D:\User\Documents\GitHub\LevelEditor\LevelEditor\LevelEditor.cpp(353,40): warning C4244: 'argument': conversion from 'T' to 'float', possible loss of data
          with
          [
              T=unsigned int
          ]
D:\User\Documents\GitHub\LevelEditor\LevelEditor\LevelEditor.cpp(354,105): warning C4244: 'argument': conversion from 'T' to 'T', possible loss of data
          with
          [
              T=unsigned int
          ]
          and
          [
              T=float
          ]
D:\User\Documents\GitHub\LevelEditor\LevelEditor\LevelEditor.cpp(354,65): warning C4244: 'argument': conversion from 'T' to 'T', possible loss of data
          with
          [
              T=unsigned int
          ]
          and
          [
              T=float
          ]
D:\User\Documents\GitHub\LevelEditor\LevelEditor\LevelEditor.cpp(367,26): warning C4244: '=': conversion from 'T' to 'int', possible loss of data
          with
          [
              T=float
          ]
D:\User\Documents\GitHub\LevelEditor\LevelEditor\LevelEditor.cpp(368,26): warning C4244: '=': conversion from 'T' to 'int', possible loss of data
          with
          [
              T=float
          ]
D:\User\Documents\GitHub\LevelEditor\LevelEditor\LevelEditor.cpp(370,31): warning C4018: '>=': signed/unsigned mismatch
D:\User\Documents\GitHub\LevelEditor\LevelEditor\LevelEditor.cpp(370,72): warning C4018: '>=': signed/unsigned mismatch
D:\User\Documents\GitHub\LevelEditor\LevelEditor\LevelEditor.cpp(377,63): warning C4244: 'argument': conversion from 'T' to 'float', possible loss of data
          with
          [
              T=unsigned int
          ]
D:\User\Documents\GitHub\LevelEditor\LevelEditor\LevelEditor.cpp(377,40): warning C4244: 'argument': conversion from 'T' to 'float', possible loss of data
          with
          [
              T=unsigned int
          ]
D:\User\Documents\GitHub\LevelEditor\LevelEditor\LevelEditor.cpp(378,66): warning C4244: 'argument': conversion from 'T' to 'T', possible loss of data
          with
          [
              T=unsigned int
          ]
          and
          [
              T=float
          ]
D:\User\Documents\GitHub\LevelEditor\LevelEditor\LevelEditor.cpp(378,52): warning C4244: 'argument': conversion from 'T' to 'T', possible loss of data
          with
          [
              T=unsigned int
          ]
          and
          [
              T=float
          ]
D:\User\Documents\GitHub\LevelEditor\LevelEditor\LevelEditor.cpp(492,24): warning C4244: '=': conversion from 'T' to 'int', possible loss of data
          with
          [
              T=float
          ]
D:\User\Documents\GitHub\LevelEditor\LevelEditor\LevelEditor.cpp(493,24): warning C4244: '=': conversion from 'T' to 'int', possible loss of data
          with
          [
              T=float
          ]
D:\User\Documents\GitHub\LevelEditor\LevelEditor\LevelEditor.cpp(495,15): warning C4018: '>=': signed/unsigned mismatch
D:\User\Documents\GitHub\LevelEditor\LevelEditor\LevelEditor.cpp(495,42): warning C4018: '>=': signed/unsigned mismatch
D:\User\Documents\GitHub\LevelEditor\LevelEditor\LevelEditor.cpp(500,61): warning C4244: 'argument': conversion from 'T' to 'float', possible loss of data
          with
          [
              T=unsigned int
          ]
D:\User\Documents\GitHub\LevelEditor\LevelEditor\LevelEditor.cpp(500,38): warning C4244: 'argument': conversion from 'T' to 'float', possible loss of data
          with
          [
              T=unsigned int
          ]
D:\User\Documents\GitHub\LevelEditor\LevelEditor\LevelEditor.cpp(501,64): warning C4244: 'argument': conversion from 'T' to 'T', possible loss of data
          with
          [
              T=unsigned int
          ]
          and
          [
              T=float
          ]
D:\User\Documents\GitHub\LevelEditor\LevelEditor\LevelEditor.cpp(501,50): warning C4244: 'argument': conversion from 'T' to 'T', possible loss of data
          with
          [
              T=unsigned int
          ]
          and
          [
              T=float
          ]
  LevelEditor.vcxproj -> D:\User\Documents\GitHub\LevelEditor\Win32\Debug\LevelEditor.exe
